<?xml version="1.0" encoding="UTF-8"?>
<!-- Generated by org.testng.reporters.JUnitReportReporter -->
<testsuite skipped="0" hostname="AAFREEN" name="Undostres.undostres.automation.mytest" tests="1" failures="0" timestamp="8 Nov 2020 15:28:48 GMT" time="27.016" errors="0">
  <testcase name="testq" time="27.016" classname="Undostres.undostres.automation.mytest"/>
</testsuite> <!-- Undostres.undostres.automation.mytest -->
